<?xml version="1.0" encoding="UTF-8"?>
<testng-results ignored="0" total="2" passed="2" failed="0" skipped="0">
  <reporter-output>
  </reporter-output>
  <suite started-at="2020-12-23T00:15:06 IST" name="Suite" finished-at="2020-12-23T00:16:50 IST" duration-ms="103477">
    <groups>
    </groups>
    <test started-at="2020-12-23T00:15:06 IST" name="Test" finished-at="2020-12-23T00:16:50 IST" duration-ms="103477">
      <class name="com.miniProj.testCases.TC_LoginTestCase_001">
        <test-method is-config="true" signature="setup(java.lang.String)[pri:0, instance:com.miniProj.testCases.TC_LoginTestCase_001@19d481b]" started-at="2020-12-23T00:15:08 IST" name="setup" finished-at="2020-12-23T00:15:41 IST" duration-ms="33359" status="PASS">
          <params>
            <param index="0">
              <value>
                <![CDATA[chrome]]>
              </value>
            </param>
          </params>
          <reporter-output>
          </reporter-output>
        </test-method> <!-- setup -->
        <test-method signature="loginTest()[pri:0, instance:com.miniProj.testCases.TC_LoginTestCase_001@19d481b]" started-at="2020-12-23T00:15:41 IST" name="loginTest" finished-at="2020-12-23T00:15:51 IST" duration-ms="9403" status="PASS">
          <reporter-output>
          </reporter-output>
        </test-method> <!-- loginTest -->
        <test-method is-config="true" signature="teardown()[pri:0, instance:com.miniProj.testCases.TC_LoginTestCase_001@19d481b]" started-at="2020-12-23T00:15:51 IST" name="teardown" finished-at="2020-12-23T00:15:52 IST" duration-ms="1527" status="PASS">
          <reporter-output>
          </reporter-output>
        </test-method> <!-- teardown -->
      </class> <!-- com.miniProj.testCases.TC_LoginTestCase_001 -->
      <class name="com.miniProj.testCases.TC_AddCustomer_003">
        <test-method is-config="true" signature="setup(java.lang.String)[pri:0, instance:com.miniProj.testCases.TC_AddCustomer_003@1f97cf0d]" started-at="2020-12-23T00:15:52 IST" name="setup" finished-at="2020-12-23T00:16:15 IST" duration-ms="22604" status="PASS">
          <params>
            <param index="0">
              <value>
                <![CDATA[chrome]]>
              </value>
            </param>
          </params>
          <reporter-output>
          </reporter-output>
        </test-method> <!-- setup -->
        <test-method signature="addcustomer()[pri:0, instance:com.miniProj.testCases.TC_AddCustomer_003@1f97cf0d]" started-at="2020-12-23T00:16:15 IST" name="addcustomer" finished-at="2020-12-23T00:16:49 IST" duration-ms="33834" status="PASS">
          <reporter-output>
          </reporter-output>
        </test-method> <!-- addcustomer -->
        <test-method is-config="true" signature="teardown()[pri:0, instance:com.miniProj.testCases.TC_AddCustomer_003@1f97cf0d]" started-at="2020-12-23T00:16:49 IST" name="teardown" finished-at="2020-12-23T00:16:50 IST" duration-ms="1070" status="PASS">
          <reporter-output>
          </reporter-output>
        </test-method> <!-- teardown -->
      </class> <!-- com.miniProj.testCases.TC_AddCustomer_003 -->
    </test> <!-- Test -->
  </suite> <!-- Suite -->
</testng-results>
