<?xml version="1.0" encoding="UTF-8"?>
<testng-results ignored="0" total="1" passed="1" failed="0" skipped="0">
  <reporter-output>
  </reporter-output>
  <suite started-at="2020-12-22T20:06:41 IST" name="Suite" finished-at="2020-12-22T20:07:26 IST" duration-ms="44770">
    <groups>
    </groups>
    <test started-at="2020-12-22T20:06:41 IST" name="Test" finished-at="2020-12-22T20:07:26 IST" duration-ms="44770">
      <class name="com.miniProj.testCases.TC_AddCustomer_003">
        <test-method is-config="true" signature="setup(java.lang.String)[pri:0, instance:com.miniProj.testCases.TC_AddCustomer_003@40cb8df7]" started-at="2020-12-22T20:06:41 IST" name="setup" finished-at="2020-12-22T20:06:54 IST" duration-ms="13075" status="PASS">
          <params>
            <param index="0">
              <value>
                <![CDATA[chrome]]>
              </value>
            </param>
          </params>
          <reporter-output>
          </reporter-output>
        </test-method> <!-- setup -->
        <test-method signature="addcustomer()[pri:0, instance:com.miniProj.testCases.TC_AddCustomer_003@40cb8df7]" started-at="2020-12-22T20:06:54 IST" name="addcustomer" finished-at="2020-12-22T20:07:24 IST" duration-ms="29944" status="PASS">
          <reporter-output>
          </reporter-output>
        </test-method> <!-- addcustomer -->
        <test-method is-config="true" signature="teardown()[pri:0, instance:com.miniProj.testCases.TC_AddCustomer_003@40cb8df7]" started-at="2020-12-22T20:07:24 IST" name="teardown" finished-at="2020-12-22T20:07:26 IST" duration-ms="1086" status="PASS">
          <reporter-output>
          </reporter-output>
        </test-method> <!-- teardown -->
      </class> <!-- com.miniProj.testCases.TC_AddCustomer_003 -->
    </test> <!-- Test -->
  </suite> <!-- Suite -->
</testng-results>
